{"uuid":"54f981fa-1d5c-4bf1-ae67-38dfbf6d0d5e","historyId":"8d26d1a750d14401f417182215c693f5","fullName":"Verify that Accounts Module Work properly: Verify that user can cash in multiple times","labels":[{"name":"tag","value":"Release"},{"name":"host","value":"DESKTOP-BVQA7TS"},{"name":"thread","value":"27080@DESKTOP-BVQA7TS.TestNG-PoolService-4(21)"},{"name":"feature","value":"Verify that Accounts Module Work properly"},{"name":"story","value":"Verify that user can cash in multiple times"},{"name":"suite","value":"Verify that Accounts Module Work properly"},{"name":"testClass","value":"Verify that user can cash in multiple times"},{"name":"framework","value":"cucumber4jvm"},{"name":"language","value":"java"},{"name":"gherkin_uri","value":"file:///C:/Users/Rahul%20Saha/Desktop/webTest-master/src/test/java/Feature/Accounts.feature"},{"name":"package","value":"src.test.java.Feature.Accounts_feature.Verify that Accounts Module Work properly"}],"links":[],"name":"Verify that user can cash in multiple times","status":"broken","statusDetails":{"known":false,"muted":false,"flaky":false,"message":"element click intercepted: Element <button type=\"button\" class=\"bg-0 hover:bg-0 text-500 border-primary-20 h-[4.4rem] px-6 min-w-[15.6rem] gap-3 border hover:shadow-lg duration-300 py-2.5 px-4 rounded-lg text-md font-[500] flex gap-3 justify-center items-center disabled:bg-primary-20 disabled:cursor-not-allowed\" title=\"\">...</button> is not clickable at point (1268, 152). Other element would receive the click: <div class=\"h-[10.6rem] bg-success-50 rounded-md p-3 flex items-center gap-4\">...</div>\n  (Session info: chrome=120.0.6099.131)\nBuild info: version: '4.1.3', revision: '7b1ebf28ef'\nSystem info: host: 'DESKTOP-BVQA7TS', ip: '192.168.56.1', os.name: 'Windows 11', os.arch: 'amd64', os.version: '10.0', java.version: '17.0.5'\nDriver info: org.openqa.selenium.chrome.ChromeDriver\nCommand: [88d9e1fa9e7fcd50e8616942ffc01105, clickElement {id=4E1068CE4DDEC2EBFC692A8568E8E358_element_129}]\nCapabilities {acceptInsecureCerts: false, browserName: chrome, browserVersion: 120.0.6099.131, chrome: {chromedriverVersion: 119.0.6045.105 (38c72552c5e..., userDataDir: C:\\Users\\RAHULS~1\\AppData\\L...}, fedcm:accounts: true, goog:chromeOptions: {debuggerAddress: localhost:60074}, javascriptEnabled: true, networkConnectionEnabled: false, pageLoadStrategy: normal, platform: WINDOWS, platformName: WINDOWS, proxy: Proxy(), se:cdp: ws://localhost:60074/devtoo..., se:cdpVersion: 120.0.6099.131, setWindowRect: true, strictFileInteractability: false, timeouts: {implicit: 0, pageLoad: 300000, script: 30000}, unhandledPromptBehavior: dismiss and notify, webauthn:extension:credBlob: true, webauthn:extension:largeBlob: true, webauthn:extension:minPinLength: true, webauthn:extension:prf: true, webauthn:virtualAuthenticators: true}\nElement: [[ChromeDriver: chrome on WINDOWS (88d9e1fa9e7fcd50e8616942ffc01105)] -> xpath: //button[normalize-space()='Money in']]\nSession ID: 88d9e1fa9e7fcd50e8616942ffc01105","trace":"org.openqa.selenium.ElementClickInterceptedException: element click intercepted: Element <button type=\"button\" class=\"bg-0 hover:bg-0 text-500 border-primary-20 h-[4.4rem] px-6 min-w-[15.6rem] gap-3 border hover:shadow-lg duration-300 py-2.5 px-4 rounded-lg text-md font-[500] flex gap-3 justify-center items-center disabled:bg-primary-20 disabled:cursor-not-allowed\" title=\"\">...</button> is not clickable at point (1268, 152). Other element would receive the click: <div class=\"h-[10.6rem] bg-success-50 rounded-md p-3 flex items-center gap-4\">...</div>\n  (Session info: chrome=120.0.6099.131)\nBuild info: version: '4.1.3', revision: '7b1ebf28ef'\nSystem info: host: 'DESKTOP-BVQA7TS', ip: '192.168.56.1', os.name: 'Windows 11', os.arch: 'amd64', os.version: '10.0', java.version: '17.0.5'\nDriver info: org.openqa.selenium.chrome.ChromeDriver\nCommand: [88d9e1fa9e7fcd50e8616942ffc01105, clickElement {id=4E1068CE4DDEC2EBFC692A8568E8E358_element_129}]\nCapabilities {acceptInsecureCerts: false, browserName: chrome, browserVersion: 120.0.6099.131, chrome: {chromedriverVersion: 119.0.6045.105 (38c72552c5e..., userDataDir: C:\\Users\\RAHULS~1\\AppData\\L...}, fedcm:accounts: true, goog:chromeOptions: {debuggerAddress: localhost:60074}, javascriptEnabled: true, networkConnectionEnabled: false, pageLoadStrategy: normal, platform: WINDOWS, platformName: WINDOWS, proxy: Proxy(), se:cdp: ws://localhost:60074/devtoo..., se:cdpVersion: 120.0.6099.131, setWindowRect: true, strictFileInteractability: false, timeouts: {implicit: 0, pageLoad: 300000, script: 30000}, unhandledPromptBehavior: dismiss and notify, webauthn:extension:credBlob: true, webauthn:extension:largeBlob: true, webauthn:extension:minPinLength: true, webauthn:extension:prf: true, webauthn:virtualAuthenticators: true}\nElement: [[ChromeDriver: chrome on WINDOWS (88d9e1fa9e7fcd50e8616942ffc01105)] -> xpath: //button[normalize-space()='Money in']]\nSession ID: 88d9e1fa9e7fcd50e8616942ffc01105\r\n\tat java.base/jdk.internal.reflect.NativeConstructorAccessorImpl.newInstance0(Native Method)\r\n\tat java.base/jdk.internal.reflect.NativeConstructorAccessorImpl.newInstance(NativeConstructorAccessorImpl.java:77)\r\n\tat java.base/jdk.internal.reflect.DelegatingConstructorAccessorImpl.newInstance(DelegatingConstructorAccessorImpl.java:45)\r\n\tat java.base/java.lang.reflect.Constructor.newInstanceWithCaller(Constructor.java:499)\r\n\tat java.base/java.lang.reflect.Constructor.newInstance(Constructor.java:480)\r\n\tat org.openqa.selenium.remote.codec.w3c.W3CHttpResponseCodec.createException(W3CHttpResponseCodec.java:200)\r\n\tat org.openqa.selenium.remote.codec.w3c.W3CHttpResponseCodec.decode(W3CHttpResponseCodec.java:133)\r\n\tat org.openqa.selenium.remote.codec.w3c.W3CHttpResponseCodec.decode(W3CHttpResponseCodec.java:53)\r\n\tat org.openqa.selenium.remote.HttpCommandExecutor.execute(HttpCommandExecutor.java:184)\r\n\tat org.openqa.selenium.remote.service.DriverCommandExecutor.invokeExecute(DriverCommandExecutor.java:167)\r\n\tat org.openqa.selenium.remote.service.DriverCommandExecutor.execute(DriverCommandExecutor.java:142)\r\n\tat org.openqa.selenium.remote.RemoteWebDriver.execute(RemoteWebDriver.java:567)\r\n\tat org.openqa.selenium.remote.RemoteWebElement.execute(RemoteWebElement.java:251)\r\n\tat org.openqa.selenium.remote.RemoteWebElement.click(RemoteWebElement.java:77)\r\n\tat StepDef.AccountSteps.clickOnTheCashInButton(AccountSteps.java:51)\r\n\tat ✽.Click on the Cash in button(file:///C:/Users/Rahul%20Saha/Desktop/webTest-master/src/test/java/Feature/Accounts.feature:63)\r\n"},"stage":"finished","steps":[{"name":"Given  Enter a registered number","status":"passed","statusDetails":{"known":false,"muted":false,"flaky":false},"stage":"finished","steps":[],"attachments":[],"parameters":[],"start":1704783683912,"stop":1704783685613},{"name":"And  Click on continue button","status":"passed","statusDetails":{"known":false,"muted":false,"flaky":false},"stage":"finished","steps":[],"attachments":[],"parameters":[],"start":1704783685614,"stop":1704783687159},{"name":"And  Enter pin number","status":"passed","statusDetails":{"known":false,"muted":false,"flaky":false},"stage":"finished","steps":[],"attachments":[],"parameters":[],"start":1704783687160,"stop":1704783688512},{"name":"And  Click on Go to dashboard","status":"passed","statusDetails":{"known":false,"muted":false,"flaky":false},"stage":"finished","steps":[],"attachments":[],"parameters":[],"start":1704783688512,"stop":1704783691146},{"name":"Given  Click on the Accounts sidebar","status":"passed","statusDetails":{"known":false,"muted":false,"flaky":false},"stage":"finished","steps":[],"attachments":[],"parameters":[],"start":1704783691147,"stop":1704783700098},{"name":"When  Click on the Cash in button","status":"passed","statusDetails":{"known":false,"muted":false,"flaky":false},"stage":"finished","steps":[],"attachments":[],"parameters":[],"start":1704783700098,"stop":1704783703005},{"name":"And  Enter Positive amount 10","status":"passed","statusDetails":{"known":false,"muted":false,"flaky":false},"stage":"finished","steps":[],"attachments":[],"parameters":[],"start":1704783703006,"stop":1704783707968},{"name":"And  Enter Note","status":"passed","statusDetails":{"known":false,"muted":false,"flaky":false},"stage":"finished","steps":[],"attachments":[],"parameters":[],"start":1704783707968,"stop":1704783711419},{"name":"And  Click on Add button","status":"passed","statusDetails":{"known":false,"muted":false,"flaky":false},"stage":"finished","steps":[],"attachments":[],"parameters":[],"start":1704783711420,"stop":1704783712669},{"name":"When  Click on the Cash in button","status":"passed","statusDetails":{"known":false,"muted":false,"flaky":false},"stage":"finished","steps":[],"attachments":[],"parameters":[],"start":1704783712670,"stop":1704783714806},{"name":"And  Enter Positive amount 20","status":"passed","statusDetails":{"known":false,"muted":false,"flaky":false},"stage":"finished","steps":[],"attachments":[],"parameters":[],"start":1704783714808,"stop":1704783716954},{"name":"And  Enter Note","status":"passed","statusDetails":{"known":false,"muted":false,"flaky":false},"stage":"finished","steps":[],"attachments":[],"parameters":[],"start":1704783716954,"stop":1704783718073},{"name":"And  Click on Add button","status":"passed","statusDetails":{"known":false,"muted":false,"flaky":false},"stage":"finished","steps":[],"attachments":[],"parameters":[],"start":1704783718073,"stop":1704783719154},{"name":"When  Click on the Cash in button","status":"passed","statusDetails":{"known":false,"muted":false,"flaky":false},"stage":"finished","steps":[],"attachments":[],"parameters":[],"start":1704783719154,"stop":1704783720232},{"name":"And  Enter Positive amount 30","status":"passed","statusDetails":{"known":false,"muted":false,"flaky":false},"stage":"finished","steps":[],"attachments":[],"parameters":[],"start":1704783720233,"stop":1704783722333},{"name":"And  Enter Note","status":"passed","statusDetails":{"known":false,"muted":false,"flaky":false},"stage":"finished","steps":[],"attachments":[],"parameters":[],"start":1704783722333,"stop":1704783723392},{"name":"And  Click on Add button","status":"passed","statusDetails":{"known":false,"muted":false,"flaky":false},"stage":"finished","steps":[],"attachments":[],"parameters":[],"start":1704783723392,"stop":1704783724471},{"name":"When  Click on the Cash in button","status":"broken","statusDetails":{"known":false,"muted":false,"flaky":false,"message":"element click intercepted: Element <button type=\"button\" class=\"bg-0 hover:bg-0 text-500 border-primary-20 h-[4.4rem] px-6 min-w-[15.6rem] gap-3 border hover:shadow-lg duration-300 py-2.5 px-4 rounded-lg text-md font-[500] flex gap-3 justify-center items-center disabled:bg-primary-20 disabled:cursor-not-allowed\" title=\"\">...</button> is not clickable at point (1268, 152). Other element would receive the click: <div class=\"h-[10.6rem] bg-success-50 rounded-md p-3 flex items-center gap-4\">...</div>\n  (Session info: chrome=120.0.6099.131)\nBuild info: version: '4.1.3', revision: '7b1ebf28ef'\nSystem info: host: 'DESKTOP-BVQA7TS', ip: '192.168.56.1', os.name: 'Windows 11', os.arch: 'amd64', os.version: '10.0', java.version: '17.0.5'\nDriver info: org.openqa.selenium.chrome.ChromeDriver\nCommand: [88d9e1fa9e7fcd50e8616942ffc01105, clickElement {id=4E1068CE4DDEC2EBFC692A8568E8E358_element_129}]\nCapabilities {acceptInsecureCerts: false, browserName: chrome, browserVersion: 120.0.6099.131, chrome: {chromedriverVersion: 119.0.6045.105 (38c72552c5e..., userDataDir: C:\\Users\\RAHULS~1\\AppData\\L...}, fedcm:accounts: true, goog:chromeOptions: {debuggerAddress: localhost:60074}, javascriptEnabled: true, networkConnectionEnabled: false, pageLoadStrategy: normal, platform: WINDOWS, platformName: WINDOWS, proxy: Proxy(), se:cdp: ws://localhost:60074/devtoo..., se:cdpVersion: 120.0.6099.131, setWindowRect: true, strictFileInteractability: false, timeouts: {implicit: 0, pageLoad: 300000, script: 30000}, unhandledPromptBehavior: dismiss and notify, webauthn:extension:credBlob: true, webauthn:extension:largeBlob: true, webauthn:extension:minPinLength: true, webauthn:extension:prf: true, webauthn:virtualAuthenticators: true}\nElement: [[ChromeDriver: chrome on WINDOWS (88d9e1fa9e7fcd50e8616942ffc01105)] -> xpath: //button[normalize-space()='Money in']]\nSession ID: 88d9e1fa9e7fcd50e8616942ffc01105","trace":"org.openqa.selenium.ElementClickInterceptedException: element click intercepted: Element <button type=\"button\" class=\"bg-0 hover:bg-0 text-500 border-primary-20 h-[4.4rem] px-6 min-w-[15.6rem] gap-3 border hover:shadow-lg duration-300 py-2.5 px-4 rounded-lg text-md font-[500] flex gap-3 justify-center items-center disabled:bg-primary-20 disabled:cursor-not-allowed\" title=\"\">...</button> is not clickable at point (1268, 152). Other element would receive the click: <div class=\"h-[10.6rem] bg-success-50 rounded-md p-3 flex items-center gap-4\">...</div>\n  (Session info: chrome=120.0.6099.131)\nBuild info: version: '4.1.3', revision: '7b1ebf28ef'\nSystem info: host: 'DESKTOP-BVQA7TS', ip: '192.168.56.1', os.name: 'Windows 11', os.arch: 'amd64', os.version: '10.0', java.version: '17.0.5'\nDriver info: org.openqa.selenium.chrome.ChromeDriver\nCommand: [88d9e1fa9e7fcd50e8616942ffc01105, clickElement {id=4E1068CE4DDEC2EBFC692A8568E8E358_element_129}]\nCapabilities {acceptInsecureCerts: false, browserName: chrome, browserVersion: 120.0.6099.131, chrome: {chromedriverVersion: 119.0.6045.105 (38c72552c5e..., userDataDir: C:\\Users\\RAHULS~1\\AppData\\L...}, fedcm:accounts: true, goog:chromeOptions: {debuggerAddress: localhost:60074}, javascriptEnabled: true, networkConnectionEnabled: false, pageLoadStrategy: normal, platform: WINDOWS, platformName: WINDOWS, proxy: Proxy(), se:cdp: ws://localhost:60074/devtoo..., se:cdpVersion: 120.0.6099.131, setWindowRect: true, strictFileInteractability: false, timeouts: {implicit: 0, pageLoad: 300000, script: 30000}, unhandledPromptBehavior: dismiss and notify, webauthn:extension:credBlob: true, webauthn:extension:largeBlob: true, webauthn:extension:minPinLength: true, webauthn:extension:prf: true, webauthn:virtualAuthenticators: true}\nElement: [[ChromeDriver: chrome on WINDOWS (88d9e1fa9e7fcd50e8616942ffc01105)] -> xpath: //button[normalize-space()='Money in']]\nSession ID: 88d9e1fa9e7fcd50e8616942ffc01105\r\n\tat java.base/jdk.internal.reflect.NativeConstructorAccessorImpl.newInstance0(Native Method)\r\n\tat java.base/jdk.internal.reflect.NativeConstructorAccessorImpl.newInstance(NativeConstructorAccessorImpl.java:77)\r\n\tat java.base/jdk.internal.reflect.DelegatingConstructorAccessorImpl.newInstance(DelegatingConstructorAccessorImpl.java:45)\r\n\tat java.base/java.lang.reflect.Constructor.newInstanceWithCaller(Constructor.java:499)\r\n\tat java.base/java.lang.reflect.Constructor.newInstance(Constructor.java:480)\r\n\tat org.openqa.selenium.remote.codec.w3c.W3CHttpResponseCodec.createException(W3CHttpResponseCodec.java:200)\r\n\tat org.openqa.selenium.remote.codec.w3c.W3CHttpResponseCodec.decode(W3CHttpResponseCodec.java:133)\r\n\tat org.openqa.selenium.remote.codec.w3c.W3CHttpResponseCodec.decode(W3CHttpResponseCodec.java:53)\r\n\tat org.openqa.selenium.remote.HttpCommandExecutor.execute(HttpCommandExecutor.java:184)\r\n\tat org.openqa.selenium.remote.service.DriverCommandExecutor.invokeExecute(DriverCommandExecutor.java:167)\r\n\tat org.openqa.selenium.remote.service.DriverCommandExecutor.execute(DriverCommandExecutor.java:142)\r\n\tat org.openqa.selenium.remote.RemoteWebDriver.execute(RemoteWebDriver.java:567)\r\n\tat org.openqa.selenium.remote.RemoteWebElement.execute(RemoteWebElement.java:251)\r\n\tat org.openqa.selenium.remote.RemoteWebElement.click(RemoteWebElement.java:77)\r\n\tat StepDef.AccountSteps.clickOnTheCashInButton(AccountSteps.java:51)\r\n\tat ✽.Click on the Cash in button(file:///C:/Users/Rahul%20Saha/Desktop/webTest-master/src/test/java/Feature/Accounts.feature:63)\r\n"},"stage":"finished","steps":[],"attachments":[],"parameters":[],"start":1704783724471,"stop":1704783726520},{"name":"And  Enter Positive amount 50","status":"skipped","statusDetails":{"known":false,"muted":false,"flaky":false},"stage":"finished","steps":[],"attachments":[],"parameters":[],"start":1704783726521,"stop":1704783726521},{"name":"And  Enter Note","status":"skipped","statusDetails":{"known":false,"muted":false,"flaky":false},"stage":"finished","steps":[],"attachments":[],"parameters":[],"start":1704783726521,"stop":1704783726521},{"name":"And  Click on Add button","status":"skipped","statusDetails":{"known":false,"muted":false,"flaky":false},"stage":"finished","steps":[],"attachments":[],"parameters":[],"start":1704783726521,"stop":1704783726521},{"name":"Then  Verify the total Balance is 130.5","status":"skipped","statusDetails":{"known":false,"muted":false,"flaky":false},"stage":"finished","steps":[],"attachments":[],"parameters":[],"start":1704783726521,"stop":1704783726521}],"attachments":[],"parameters":[],"start":1704783665773,"stop":1704783726888}